Change detected: Animal placed: (2,2)
Current map state:
 y\x  0 1 2 3 4 5 6
  9: ---------------
  8: | |Optional[*]| | | |Optional[*]| |
  7: | | | |Optional[*]| | | |
  6: |Optional[*]| | | | | | |
  5: | | |Optional[*]| | | | |
  4: | | | | | | | |
  3: | | |Optional[*]|Optional[*]| | |Optional[*]|
  2: | | |Optional[N]| | | | |
  1: | | | |Optional[*]| | | |
  0: | | | | | |Optional[*]| |
 -1: ---------------


Change detected: Animal placed: (1,3)
Current map state:
 y\x  0 1 2 3 4 5 6
  9: ---------------
  8: | |Optional[*]| | | |Optional[*]| |
  7: | | | |Optional[*]| | | |
  6: |Optional[*]| | | | | | |
  5: | | |Optional[*]| | | | |
  4: | | | | | | | |
  3: | |Optional[N]|Optional[*]|Optional[*]| | |Optional[*]|
  2: | | |Optional[N]| | | | |
  1: | | | |Optional[*]| | | |
  0: | | | | | |Optional[*]| |
 -1: ---------------


