Change detected: Animal placed: (2,2)
Current map state:
 y\x  0 1 2 3 4 5 6 7 8
 10: -------------------
  9: |*|*| | | | | | | |
  8: |*|*| |*| | | | | |
  7: | | | | | |*| | | |
  6: | | | | | | | |*| |
  5: | | | | | | | | | |
  4: | | | | | | | | | |
  3: | | | | | | | | | |
  2: | | |N| |*| |*| | |
  1: | | | | | | | | |*|
  0: -------------------


Change detected: Animal placed: (1,3)
Current map state:
 y\x  0 1 2 3 4 5 6 7 8
 10: -------------------
  9: |*|*| | | | | | | |
  8: |*|*| |*| | | | | |
  7: | | | | | |*| | | |
  6: | | | | | | | |*| |
  5: | | | | | | | | | |
  4: | | | | | | | | | |
  3: | |N| | | | | | | |
  2: | | |N| |*| |*| | |
  1: | | | | | | | | |*|
  0: -------------------


